d:\aisec-tap-driver\tap-windows6\src\x64\debug\vc142.pdb
d:\aisec-tap-driver\tap-windows6\src\x64\debug\txpath.obj
d:\aisec-tap-driver\tap-windows6\src\x64\debug\tapdrvr.obj
d:\aisec-tap-driver\tap-windows6\src\x64\debug\rxpath.obj
d:\aisec-tap-driver\tap-windows6\src\x64\debug\oidrequest.obj
d:\aisec-tap-driver\tap-windows6\src\x64\debug\mem.obj
d:\aisec-tap-driver\tap-windows6\src\x64\debug\macinfo.obj
d:\aisec-tap-driver\tap-windows6\src\x64\debug\error.obj
d:\aisec-tap-driver\tap-windows6\src\x64\debug\dhcp.obj
d:\aisec-tap-driver\tap-windows6\src\x64\debug\device.obj
d:\aisec-tap-driver\tap-windows6\src\x64\debug\adapter.obj
d:\aisec-tap-driver\tap-windows6\src\x64\debug\tap-windows6\tapcss.cat
d:\aisec-tap-driver\tap-windows6\src\x64\debug\tapcss.sys
d:\aisec-tap-driver\tap-windows6\src\x64\debug\tapcss.pdb
d:\aisec-tap-driver\tap-windows6\src\x64\debug\resource.res
d:\aisec-tap-driver\tap-windows6\src\x64\debug\tapcss.inf
d:\aisec-tap-driver\tap-windows6\src\x64\debug\tapcss.cer
d:\aisec-tap-driver\tap-windows6\src\x64\debug\tap-windows6.tlog\cl.command.1.tlog
d:\aisec-tap-driver\tap-windows6\src\x64\debug\tap-windows6.tlog\cl.read.1.tlog
d:\aisec-tap-driver\tap-windows6\src\x64\debug\tap-windows6.tlog\cl.write.1.tlog
d:\aisec-tap-driver\tap-windows6\src\x64\debug\tap-windows6.tlog\inf2cat-expand.15588.read.1.tlog
d:\aisec-tap-driver\tap-windows6\src\x64\debug\tap-windows6.tlog\inf2cat-expand.15588.write.1.tlog
d:\aisec-tap-driver\tap-windows6\src\x64\debug\tap-windows6.tlog\inf2cat-expand.read.1.tlog
d:\aisec-tap-driver\tap-windows6\src\x64\debug\tap-windows6.tlog\inf2cat-expand.write.1.tlog
d:\aisec-tap-driver\tap-windows6\src\x64\debug\tap-windows6.tlog\inf2cat.command.1.tlog
d:\aisec-tap-driver\tap-windows6\src\x64\debug\tap-windows6.tlog\inf2cat.read.1.tlog
d:\aisec-tap-driver\tap-windows6\src\x64\debug\tap-windows6.tlog\inf2cat.read.8.tlog
d:\aisec-tap-driver\tap-windows6\src\x64\debug\tap-windows6.tlog\inf2cat.write.1.tlog
d:\aisec-tap-driver\tap-windows6\src\x64\debug\tap-windows6.tlog\inf2cat.write.8.tlog
d:\aisec-tap-driver\tap-windows6\src\x64\debug\tap-windows6.tlog\link.command.1.tlog
d:\aisec-tap-driver\tap-windows6\src\x64\debug\tap-windows6.tlog\link.read.1.tlog
d:\aisec-tap-driver\tap-windows6\src\x64\debug\tap-windows6.tlog\link.write.1.tlog
d:\aisec-tap-driver\tap-windows6\src\x64\debug\tap-windows6.tlog\rc.command.1.tlog
d:\aisec-tap-driver\tap-windows6\src\x64\debug\tap-windows6.tlog\rc.read.1.tlog
d:\aisec-tap-driver\tap-windows6\src\x64\debug\tap-windows6.tlog\rc.write.1.tlog
d:\aisec-tap-driver\tap-windows6\src\x64\debug\tap-windows6.tlog\signtool.command.1.tlog
d:\aisec-tap-driver\tap-windows6\src\x64\debug\tap-windows6.tlog\signtool.read.1.tlog
d:\aisec-tap-driver\tap-windows6\src\x64\debug\tap-windows6.tlog\signtool.timestamp.1.tlog
d:\aisec-tap-driver\tap-windows6\src\x64\debug\tap-windows6.tlog\signtool.write.1.tlog
d:\aisec-tap-driver\tap-windows6\src\x64\debug\tap-windows6.tlog\stampinf.command.1.tlog
d:\aisec-tap-driver\tap-windows6\src\x64\debug\tap-windows6.tlog\stampinf.read.1.tlog
d:\aisec-tap-driver\tap-windows6\src\x64\debug\tap-windows6.tlog\stampinf.write.1.tlog
